 494.896         0.479736         0.692627
 503.672         1.486229         1.219092
 504.992         2.097732         1.448324
 505.929         3.106612         1.762504
 506.689         4.017789         2.004362
 507.343         5.042071         2.245342
 507.929         6.183803         2.486572
 508.465         8.739747         2.956048
 508.968         9.116026         3.019001
 509.452        11.605288         3.406258
 509.918        13.108060         3.620031
 510.372        15.407597         3.924646
 510.820        18.157344         4.260370
 511.269        22.340660         4.725535
 511.720        26.029138         5.100548
 512.177        32.300882         5.681550
 512.644        38.447385         6.198211
 513.126        42.873226         6.544957
 513.636        40.133280         6.332540
 514.182        57.820204         7.599562
 514.771        66.824697         8.169173
 515.424        75.303057         8.671196
 516.188       116.336544        10.773387
 517.124       131.325346        11.444668
 518.363       216.636172        14.686645
 520.110       310.856820        17.576239
 522.124       618.072630        24.706929
 523.791       865.496920        29.163594
 524.970      1033.052697        31.807369
 525.871      1158.898681        33.645769
 526.616      1458.939756        37.634687
 527.264      1459.981253        37.647714
 527.846      1595.415690        39.300237
 528.381      1758.461132        41.190016
 528.885      1935.435985        43.133719
 529.369      1984.442439        43.654120
 529.840      2070.860406        44.554362
 530.303      2219.616364        46.055211
 530.764      2155.019366        45.410761
 531.222      2140.467505        45.264064
 531.685      2360.421602        47.423515
 532.158      2314.694015        46.984443
 532.649      2398.870383        47.788898
 533.173      2557.939482        49.265387
 533.743      2517.285850        48.893264
 534.376      2524.141319        48.956261
 535.103      2798.534502        51.399403
 535.989      2801.387509        51.424042
 537.233      2982.953694        52.962189
 543.381      3013.835374        53.218148
