 494.896       510.238713        22.472914
 503.672       781.786653        27.740996
 504.992       776.435722        27.647399
 505.929       893.893669        29.629592
 506.689       927.812662        30.176082
 507.343       969.859701        30.839052
 507.929      1012.621000        31.497825
 508.465      1235.504210        34.712747
 508.968      1106.750975        32.897614
 509.452      1226.279526        34.586186
 509.918      1210.311452        34.365890
 510.372      1257.472817        35.012113
 510.820      1304.869281        35.648501
 511.269      1415.537608        37.087231
 511.720      1450.853330        37.533369
 512.177      1585.036774        39.176395
 512.644      1652.018172        39.967923
 513.126      1599.926826        39.353926
 513.636      1301.067894        35.597926
 514.182      1606.027029        39.426394
 514.771      1556.962895        38.839158
 515.424      1472.573499        37.804815
 516.188      1846.133642        42.165975
 517.124      1597.914683        39.329989
 518.363      1850.030713        42.208748
 520.110      1594.265848        39.286539
 522.124      1765.938453        41.274298
 523.791      1535.252980        38.576067
 524.970      1332.360490        36.011898
 525.871      1158.107019        33.634547
 526.616      1187.768814        34.052209
 527.264       994.913623        31.226856
 527.846       919.613292        30.044958
 528.381       870.615126        29.248175
 528.885       830.723533        28.581839
 529.369       742.550178        27.046674
 529.840       676.302809        25.829346
 530.303       639.011125        25.116616
 530.764       543.270113        23.181183
 531.222       473.541093        21.657707
 531.685       457.632836        21.294231
 532.158       393.726886        19.764273
 532.649       353.015449        18.722261
 533.173       324.820291        17.964134
 533.743       273.569642        16.494630
 534.376       229.212001        15.105007
 535.103       206.128692        14.327558
 535.989       161.801125        12.699509
 537.233       123.494895        11.099093
 543.381        64.444240         8.022542
