 494.896      3701.003304        58.541052
 503.672      3501.461448        57.063621
 504.992      2816.931095        51.558017
 505.929      2793.518407        51.356046
 506.689      2546.608655        49.162021
 507.343      2391.852091        47.722458
 507.929      2271.390244        46.563999
 508.465      2542.013258        49.120023
 508.968      2082.442969        44.673388
 509.452      2127.092243        45.128725
 509.918      1939.726372        43.179574
 510.372      1874.471277        42.475857
 510.820      1805.421262        41.716068
 511.269      1819.153598        41.868451
 511.720      1729.564877        40.862415
 512.177      1753.646730        41.135644
 512.644      1690.930901        40.419623
 513.126      1507.809106        38.240546
 513.636      1129.191942        33.221837
 514.182      1273.399256        35.227381
 514.771      1113.779170        32.999532
 515.424       951.093181        30.545075
 516.188      1055.189288        32.139085
 517.124       782.560318        27.754501
 518.363       739.692240        26.995358
 520.110       474.652382        21.682862
 522.124       373.054600        19.242432
 523.791       243.752811        15.574482
 524.970       175.008401        13.205902
 525.871       130.852969        11.424120
 526.616       118.970251        10.894364
 527.264        89.762455         9.465797
 527.846        75.190763         8.664738
 528.381        65.111272         8.063900
 528.885        57.132697         7.554298
 529.369        47.118629         6.861066
 529.840        39.624177         6.292279
 530.303        34.770923         5.894637
 530.764        27.349000         5.228197
 531.222        22.081318         4.698039
 531.685        19.751620         4.443402
 532.158        15.738675         3.966576
 532.649        12.963590         3.600032
 533.173        10.942403         3.307568
 533.743         8.412824         2.900243
 534.376         6.346555         2.519077
 535.103         5.050415         2.247199
 535.989         3.441453         1.855052
 537.233         2.169519         1.472897
 543.381         0.807064         0.898360
