 494.896      1111.006379        32.959364
 503.672      1466.326157        37.726965
 504.992      1360.859463        36.384347
 505.929      1493.086210        38.059166
 506.689      1486.118268        37.972981
 507.343      1500.587672        38.151703
 507.929      1519.471411        38.383532
 508.465      1802.854527        41.687514
 508.968      1568.970890        38.983811
 509.452      1693.257627        40.446449
 509.918      1628.987208        39.697799
 510.372      1653.269305        39.982538
 510.820      1674.704900        40.231979
 511.269      1773.860812        41.363380
 511.720      1774.450377        41.370000
 512.177      1892.306806        42.669548
 512.644      1923.237285        43.003028
 513.126      1813.477987        41.805549
 513.636      1435.928425        37.345557
 514.182      1721.384025        40.769115
 514.771      1614.134517        39.522474
 515.424      1476.944453        37.859175
 516.188      1779.795196        41.429962
 517.124      1465.242569        37.713444
 518.363      1588.076766        39.212715
 520.110      1243.602622        34.823436
 522.124      1232.781642        34.675447
 523.791       977.642148        30.960079
 524.970       798.147229        28.025104
 525.871       660.825796        25.536092
 526.616       651.857878        25.364532
 527.264       527.871105        22.853843
 527.846       472.636435        21.637207
 528.381       434.729907        20.759338
 528.885       403.716626        20.011419
 529.369       351.590598        18.684707
 529.840       312.063798        17.610114
 530.303       287.887363        16.918327
 530.764       238.670475        15.412047
 531.222       202.946436        14.216986
 531.685       191.282197        13.804000
 532.158       160.536941        12.649960
 532.649       140.039661        11.817252
 533.173       125.306719        11.180013
 533.743       102.467335        10.112237
 534.376        82.984692         9.102031
 535.103        71.729990         8.463279
 535.989        53.781394         7.329635
 537.233        38.574089         6.208408
 543.381        17.987691         4.240427
