 494.896       530.677249        22.913858
 503.672       807.709823        28.189748
 504.992       799.720249        28.052258
 505.929       918.690517        30.030163
 506.689       951.736526        30.555204
 507.343       993.302674        31.202078
 507.929      1035.654984        31.846560
 508.465      1262.005409        35.073526
 508.968      1129.006597        33.219173
 509.452      1249.442823        34.903018
 509.918      1231.739708        34.661161
 510.372      1278.374083        35.294324
 510.820      1325.104869        35.916386
 511.269      1435.929623        37.345572
 511.720      1470.128727        37.774372
 512.177      1604.332617        39.406281
 512.644      1670.216815        40.179900
 513.126      1615.587778        39.539667
 513.636      1312.211931        35.745964
 514.182      1617.629604        39.563810
 514.771      1565.838526        38.946136
 515.424      1478.740424        37.881486
 516.188      1850.533770        42.214266
 517.124      1598.077841        39.331931
 518.363      1844.662801        42.149818
 520.110      1582.727788        39.148783
 522.124      1744.334433        41.030237
 523.791      1510.165375        38.269484
 524.970      1306.959181        35.676271
 525.871      1133.521070        33.283985
 526.616      1160.497236        33.668415
 527.264       970.578235        30.850248
 527.846       895.823435        29.660975
 528.381       846.981516        28.855397
 528.885       807.177734        28.180614
 529.369       720.650155        26.650768
 529.840       655.587049        25.436021
 530.303       618.764557        24.720582
 530.764       525.455461        22.802048
 531.222       457.497511        21.291112
 531.685       441.625641        20.921878
 532.158       379.526662        19.407366
 532.649       339.859121        18.372508
 533.173       312.318028        17.617241
 533.743       262.687433        16.165004
 534.376       219.754468        14.791505
 535.103       197.268053        14.017480
 535.989       154.523300        12.411517
 537.233       117.606448        10.831889
 543.381        61.054141         7.808943
