 494.896       202.874186        14.214465
 503.672       356.518596        18.814263
 504.992       377.615682        19.358817
 505.929       455.132530        21.236516
 506.689       491.659408        22.064107
 507.343       531.219097        22.925427
 507.929       571.083010        23.760478
 508.465       715.596600        26.558521
 508.968       658.947056        25.500252
 509.452       748.693268        27.156628
 509.918       757.213404        27.308350
 510.372       804.506348        28.134707
 510.820       854.273355        28.977193
 511.269       948.096623        30.497850
 511.720       994.562724        31.221461
 512.177      1111.889252        32.972159
 512.644      1187.067815        34.042403
 513.126      1179.346519        33.934192
 513.636       983.779665        31.055164
 514.182      1248.784844        34.894062
 514.771      1249.749884        34.907197
 515.424      1219.996803        34.499695
 516.188      1588.368732        39.216201
 517.124      1442.251226        37.425252
 518.363      1778.990728        41.420944
 520.110      1680.212998        40.295790
 522.124      2069.158467        44.536840
 523.791      1962.915393        43.426428
 524.970      1805.464800        41.716552
 525.871      1643.789192        39.871648
 526.616      1749.712458        41.091150
 527.264      1513.643380        38.312153
 527.846      1442.203317        37.424648
 528.381      1403.477214        36.933484
 528.885      1374.264326        36.558067
 529.369      1259.308430        35.036999
 529.840      1175.565708        33.881066
 530.303      1136.394648        33.325168
 530.764       989.629385        31.145498
 531.222       883.250113        29.455857
 531.685       874.212787        29.307470
 532.158       770.162852        27.537245
 532.649       708.866920        26.435148
 533.173       669.876147        25.708004
 533.743       580.301260        23.949244
 534.376       502.250571        22.298104
 535.103       469.084858        21.556531
 535.989       384.711675        19.538465
 537.233       311.675521        17.599224
 543.381       181.650225        13.453263
