 494.896      1257.912379        35.018074
 503.672      1614.720883        39.529412
 504.992      1480.169687        37.899230
 505.929      1609.813748        39.471303
 506.689      1590.123737        39.237149
 507.343      1595.528958        39.301587
 507.929      1606.625859        39.433500
 508.465      1896.605046        42.716072
 508.968      1641.906853        39.849588
 509.452      1763.512195        41.246972
 509.918      1688.699643        40.393880
 510.372      1706.584758        40.599706
 510.820      1721.148705        40.766428
 511.269      1815.154422        41.824140
 511.720      1807.749513        41.741949
 512.177      1919.372442        42.961525
 512.644      1941.836690        43.202108
 513.126      1822.142015        41.901527
 513.636      1435.812739        37.344097
 514.182      1712.115306        40.663110
 514.771      1595.753179        39.304257
 515.424      1451.371134        37.539866
 516.188      1736.446735        40.940711
 517.124      1416.610584        37.100874
 518.363      1517.112405        38.354658
 520.110      1167.572837        33.768451
 522.124      1134.286318        33.294958
 523.791       884.581306        29.477646
 524.970       714.176540        26.532538
 525.871       586.091273        24.067015
 526.616       574.055707        23.821522
 527.264       462.018418        21.395074
 527.846       411.286734        20.196623
 528.381       376.321421        19.325865
 528.885       347.756360        18.583263
 529.369       301.425046        17.309186
 529.840       266.285422        16.274743
 530.303       244.589484        15.601058
 530.764       201.848976        14.178650
 531.222       170.864949        13.049178
 531.685       160.313675        12.641189
 532.158       133.940359        11.557749
 532.649       116.257269        10.769724
 533.173       103.499749        10.162948
 533.743        84.182335         9.167366
 534.376        67.756621         8.225862
 535.103        58.147238         7.620998
 535.989        43.235846         6.572553
 537.233        30.662806         5.535702
 543.381        14.013696         3.742963
