 494.896        74.834887         8.644240
 503.672       148.269055        12.158511
 504.992       166.412156        12.878598
 505.929       209.046070        14.428169
 506.689       234.123870        15.265241
 507.343       260.646114        16.102403
 507.929       287.702675        16.912931
 508.465       369.298433        19.146039
 508.968       348.651803        18.607005
 509.452       405.248545        20.049040
 509.918       419.016730        20.383945
 510.372       454.281212        21.216828
 510.820       492.538290        22.083623
 511.269       558.025213        23.490368
 511.720       597.792963        24.303206
 512.177       682.404359        25.943994
 512.644       744.562765        27.082749
 513.126       756.997417        27.304515
 513.636       646.185787        25.255389
 514.182       841.266745        28.759558
 514.771       866.497654        29.180152
 515.424       870.452515        29.245491
 516.188      1172.702365        33.840770
 517.124      1112.056218        32.974579
 518.363      1453.019739        37.560543
 520.110      1491.374276        38.038012
 522.124      2021.356238        44.041329
 523.791      2074.348789        44.590249
 524.970      2010.657710        43.929521
 525.871      1908.889119        42.848710
 526.616      2101.321794        44.866588
 527.264      1871.598107        42.444558
 527.846      1832.884995        42.020181
 528.381      1828.656340        41.973523
 528.885      1832.984294        42.021276
 529.369      1717.843116        40.728656
 529.840      1639.752970        39.824329
 530.303      1618.194822        39.570491
 530.764      1440.182889        37.399203
 531.222      1313.165064        35.758594
 531.685      1328.128096        35.956218
 532.158      1195.399583        34.158747
 532.649      1126.670679        33.185583
 533.173      1090.708852        32.663679
 533.743       969.258216        30.829677
 534.376       863.914714        29.137394
 535.103       834.983926        28.653795
 535.989       712.555013        26.502836
 537.233       609.430174        24.535730
 543.381       393.706644        19.763769
