 494.896        15.430887         3.927611
 503.672        35.821109         5.982930
 504.992        43.503713         6.592864
 505.929        57.823964         7.599809
 506.689        68.034658         8.242699
 507.343        78.908741         8.876047
 507.929        90.300670         9.494082
 508.465       119.794412        10.931944
 508.968       117.022173        10.805012
 509.452       140.318541        11.828979
 509.918       149.538888        12.210309
 510.372       166.671421        12.888593
 510.820       185.934237        13.610393
 511.269       216.686182        14.688333
 511.720       238.893406        15.419209
 512.177       280.606710        16.704248
 512.644       315.416773        17.703870
 513.126       330.980299        18.132549
 513.636       291.583587        17.025956
 514.182       392.990571        19.745930
 514.771       421.040294        20.432689
 515.424       439.894265        20.881191
 516.188       621.043213        24.765486
 517.124       625.032432        24.843895
 518.363       884.029188        29.468611
 520.110      1017.138357        31.566548
 522.124      1571.765832        39.017392
 523.791      1795.075397        41.600835
 524.970      1868.900585        42.415148
 525.871      1878.761932        42.522547
 526.616      2165.392999        45.514992
 527.264      2007.128192        43.892561
 527.846      2040.782821        44.243496
 528.381      2106.665748        44.921097
 528.885      2180.335647        45.664629
 529.369      2107.197190        44.926513
 529.840      2073.700899        44.583587
 530.303      2105.098537        44.905119
 530.764      1930.118268        43.076805
 531.222      1812.165834        41.790991
 531.685      1887.843976        42.621179
 532.158      1749.750381        41.091579
 532.649      1703.573050        40.565131
 533.173      1704.603964        40.576970
 533.743      1568.587840        38.979206
 534.376      1455.533533        37.592047
 535.103      1474.359884        37.827042
 535.989      1328.625033        35.962761
 537.233      1224.282182        34.558716
 543.381       915.311586        29.975918
