 494.896        70.722646         8.403726
 503.672       140.994615        11.857362
 504.992       158.729785        12.578787
 505.929       199.829693        14.107837
 506.689       224.227171        14.940603
 507.343       250.021810        15.772495
 507.929       276.359089        16.578046
 508.465       355.187725        18.779365
 508.968       335.770405        18.262409
 509.452       390.743539        19.689843
 509.918       404.488991        20.030396
 510.372       438.997725        20.860090
 510.820       476.489926        21.724389
 511.269       540.429464        23.121163
 511.720       579.583282        23.934597
 512.177       662.344325        25.565022
 512.644       723.503279        26.702699
 513.126       736.480722        26.937569
 513.636       629.435351        24.930134
 514.182       820.551484        28.409248
 514.771       846.442363        28.846370
 515.424       851.589482        28.932428
 516.188      1149.356488        33.510238
 517.124      1092.412306        32.688607
 518.363      1431.696816        37.292113
 520.110      1475.945421        37.846758
 522.124      2010.560833        43.928507
 523.791      2071.801967        44.564052
 524.970      2013.729227        43.961655
 525.871      1916.019997        42.925486
 526.616      2112.903311        44.984621
 527.264      1884.802997        42.588183
 527.846      1848.484138        42.191780
 528.381      1846.638770        42.171522
 528.885      1853.289857        42.244481
 529.369      1738.929182        40.968911
 529.840      1661.828854        40.082357
 530.303      1641.764160        39.847915
 530.764      1462.832728        37.683354
 531.222      1335.319836        36.050773
 531.685      1352.072686        36.269969
 532.158      1218.324717        34.476636
 532.649      1149.712378        33.515304
 533.173      1114.430167        33.008954
 533.743       991.668001        31.176913
 534.376       885.257768        29.488712
 535.103       857.156739        29.025203
 535.989       733.009359        26.874957
 537.233       628.719178        24.916128
 543.381       408.409247        20.126432
