 494.896       193.232988        13.873940
 503.672       341.758289        18.423418
 504.992       363.090038        18.985609
 505.929       438.580112        20.850253
 506.689       474.680131        21.683489
 507.343       513.681962        22.547829
 507.929       552.998169        23.385509
 508.465       693.814878        26.156974
 508.968       639.729042        25.130539
 509.452       727.728242        26.779404
 509.918       736.866218        26.944513
 510.372       783.722141        27.774768
 510.820       833.116387        28.622277
 511.269       925.620362        30.141083
 511.720       972.058381        30.873296
 512.177      1087.924079        32.622883
 512.644      1162.812503        33.701185
 513.126      1156.653548        33.613935
 513.636       966.020398        30.779157
 514.182      1227.875073        34.608114
 514.771      1230.686364        34.646711
 515.424      1203.199114        34.267264
 516.188      1569.320243        38.988010
 517.124      1428.211413        37.248029
 518.363      1767.008904        41.286348
 520.110      1676.208920        40.249415
 522.124      2074.667905        44.593531
 523.791      1976.317142        43.568343
 524.970      1822.821555        41.909044
 525.871      1663.255744        40.098969
 526.616      1773.567716        41.360088
 527.264      1536.637030        38.592900
 527.846      1466.228838        37.725751
 528.381      1428.729548        37.254586
 528.885      1400.715165        36.898172
 529.369      1285.066339        35.384155
 529.840      1201.018877        34.236968
 530.303      1162.262513        33.693403
 530.764      1013.315357        31.508399
 531.222       905.408853        29.816330
 531.685       897.164794        29.682768
 532.158       791.275130        27.906143
 532.649       729.208631        26.806226
 533.173       689.974725        26.085502
 533.743       598.514724        24.317696
 534.376       518.815988        22.659051
 535.103       485.430460        21.925273
 535.989       398.950045        19.893889
 537.233       324.132220        17.945222
 543.381       189.922803        13.755050
