 494.896       245.422032        15.627456
 503.672       420.332054        20.415643
 504.992       439.792044        20.878786
 505.929       525.469035        22.802339
 506.689       563.339810        23.600694
 507.343       604.845022        24.444391
 507.929       646.627368        25.263904
 508.465       806.156631        28.163076
 508.968       738.449441        26.973010
 509.452       835.016758        28.654349
 509.918       840.599879        28.748352
 510.372       889.306121        29.554844
 510.820       940.186470        30.372808
 511.269      1038.924029        31.895717
 511.720      1085.035328        32.580505
 512.177      1207.718546        34.329970
 512.644      1283.486608        35.362973
 513.126      1268.955760        35.167468
 513.636      1053.407993        32.112531
 514.182      1330.068788        35.981761
 514.771      1323.057735        35.889387
 515.424      1283.797811        35.367147
 516.188      1659.448122        40.054622
 517.124      1493.099492        38.059330
 518.363      1819.578946        41.873161
 520.110      1688.765535        40.394640
 522.124      2038.142348        44.216081
 523.791      1901.678865        42.770916
 524.970      1729.905693        40.866297
 525.871      1561.160922        38.889799
 526.616      1650.043063        39.944840
 527.264      1418.683225        37.127214
 527.846      1343.934178        36.163670
 528.381      1301.005919        35.597101
 528.885      1267.665044        35.150043
 529.369      1156.140960        33.606662
 529.840      1074.206134        32.421100
 530.303      1033.906766        31.820237
 530.764       896.265851        29.668165
 531.222       796.327989        27.993664
 531.685       784.601857        27.790104
 532.158       688.105803        26.050643
 532.649       630.186162        24.944808
 533.173       592.505620        24.196784
 533.743       510.529581        22.479252
 534.376       439.138736        20.863410
 535.103       407.194799        20.096732
 535.989       331.174404        18.137830
 537.233       265.265900        16.243724
 543.381       151.342825        12.283515
