 494.896         2.867688         1.693376
 503.672         7.709144         2.776320
 504.992        10.095518         3.177024
 505.929        14.165167         3.763131
 506.689        17.474363         4.179504
 507.343        21.081765         4.590520
 507.929        24.976011         4.996352
 508.465        34.199650         5.846046
 508.968        34.521848         5.873501
 509.452        42.652182         6.528078
 509.918        46.795369         6.837512
 510.372        53.562006         7.314686
 510.820        61.413480         7.831861
 511.269        73.539672         8.569219
 511.720        83.347058         9.121849
 512.177       100.626655        10.021185
 512.644       116.394293        10.776054
 513.126       125.906616        11.206675
 513.636       114.336717        10.680602
 514.182       159.322900        12.602191
 514.771       177.286244        13.291262
 515.424       192.359606        13.842672
 516.188       284.084152        16.806846
 517.124       302.780510        17.347824
 518.363       462.378664        21.403336
 520.110       593.993095        24.226773
 522.124      1041.200772        31.929904
 523.791      1317.125590        35.811021
 524.970      1468.469326        37.753692
 525.871      1559.522913        38.870049
 526.616      1878.570233        42.520462
 527.264      1809.285103        41.759009
 527.846      1907.162224        42.830093
 528.381      2034.311137        44.176269
 528.885      2171.234067        45.573555
 529.369      2161.368655        45.474590
 529.840      2190.310939        45.764197
 530.303      2284.719792        46.693906
 530.764      2155.630021        45.416904
 531.222      2081.663439        44.665389
 531.685      2231.177313        46.169408
 532.158      2127.115491        45.128961
 532.649      2136.673172        45.225720
 533.173      2207.025945        45.930455
 533.743      2100.240573        44.855550
 534.376      2025.854652        44.088240
 535.103      2146.833944        45.328314
 535.989      2038.895875        44.223907
 537.233      2019.213822        44.018966
 543.381      1748.524630        41.077705
