 494.896      2313.704687        46.974888
 503.672      2539.286040        49.095077
 504.992      2174.225559        45.603513
 505.929      2253.175415        46.385767
 506.689      2134.081921        45.199511
 507.343      2068.468441        44.529734
 507.929      2019.917936        44.026317
 508.465      2318.777050        47.023850
 508.968      1950.175320        43.291011
 509.452      2040.209618        44.237546
 509.918      1904.294822        42.799159
 510.372      1879.879047        42.534693
 510.820      1850.752863        42.216669
 511.269      1905.768103        42.815056
 511.720      1852.407015        42.234805
 512.177      1919.870579        42.966877
 512.644      1894.056731        42.688496
 513.126      1730.451820        40.872516
 513.636      1327.700881        35.950592
 514.182      1537.573631        38.604287
 514.771      1386.150507        36.711337
 515.424      1219.744777        34.496221
 516.188      1402.750550        36.924198
 517.124      1088.591848        32.632671
 518.363      1091.826554        32.680037
 520.110       763.850302        27.425918
 522.124       664.101221        25.598449
 523.791       472.165821        21.626535
 524.970       358.519496        18.866605
 525.871       280.225794        16.692971
 526.616       263.976653        16.204412
 527.264       205.391429        14.302018
 527.846       177.106889        13.284561
 528.381       157.441583        12.527802
 528.885       141.598302        11.882647
 529.369       119.577911        10.922085
 529.840       102.945980        10.135779
 530.303        92.323175         9.599620
 530.764        74.296817         8.613154
 531.222        61.353095         7.828014
 531.685        56.142221         7.488603
 532.158        45.756513         6.761260
 532.649        38.640494         6.213745
 533.173        33.453578         5.781972
 533.743        26.418877         5.138572
 534.376        20.554291         4.532752
 535.103        16.955027         4.116950
 535.989        12.043272         3.469924
 537.233         8.029028         2.833326
 543.381         3.290517         1.813918
