 494.896      2088.023059        44.730596
 503.672      2358.998751        47.409928
 504.992      2045.116836        44.288450
 505.929      2138.090308        45.240045
 506.689      2040.611991        44.241723
 507.343      1990.360610        43.716472
 507.929      1954.521823        43.337267
 508.465      2255.137280        46.405004
 508.968      1906.650403        42.824573
 509.452      2004.241302        43.862303
 509.918      1879.448051        42.530008
 510.372      1863.275922        42.353748
 510.820      1842.466453        42.125679
 511.269      1905.492923        42.812088
 511.720      1860.344742        42.321709
 512.177      1936.579132        43.145943
 512.644      1919.304493        42.960795
 513.126      1762.056624        41.230568
 513.636      1358.516222        36.353884
 514.182      1581.644897        39.135826
 514.771      1434.537449        37.327999
 515.424      1269.927890        35.180585
 516.188      1470.998027        37.785200
 517.124      1151.967025        33.547376
 518.363      1169.216702        33.791646
 520.110       832.279039        28.608133
 522.124       738.347742        26.971181
 523.791       533.872348        22.981992
 524.970       409.928445        20.163522
 525.871       323.261550        17.921261
 526.616       306.683764        17.458599
 527.264       240.092635        15.457676
 527.846       208.232096        14.400170
 528.381       186.084411        13.615868
 528.885       168.186152        12.946831
 529.369       142.705242        11.928870
 529.840       123.434480        11.096385
 530.303       111.180037        10.532465
 530.764        89.882121         9.472093
 531.222        74.558307         8.628275
 531.685        68.536889         8.273025
 532.158        56.110906         7.486517
 532.649        47.621588         6.897553
 533.173        41.438770         6.434627
 533.743        32.900876         5.734041
 534.376        25.755809         5.073711
 535.103        21.399026         4.624918
 535.989        15.326742         3.914338
 537.233        10.333332         3.214218
 543.381         4.318780         2.078078
